2019-03-26 23:48:34,803 INFO [restartedMain] c.x.codegenerator.admin.Application [StartupInfoLogger.java : 48] Starting Application on XingGangdeMacBook-Pro.local with PID 2310 (/Users/qiuxinggang/Documents/GitHub/xxl-code-generator/xxl-code-generator-admin/target/classes started by qiuxinggang in /Users/qiuxinggang/Documents/GitHub/xxl-code-generator)
2019-03-26 23:48:34,811 INFO [restartedMain] c.x.codegenerator.admin.Application [SpringApplication.java : 593] No active profile set, falling back to default profiles: default
2019-03-26 23:48:34,914 INFO [restartedMain] o.s.b.c.e.AnnotationConfigEmbeddedWebApplicationContext [AbstractApplicationContext.java : 583] Refreshing org.springframework.boot.context.embedded.AnnotationConfigEmbeddedWebApplicationContext@6f683854: startup date [Tue Mar 26 23:48:34 CST 2019]; root of context hierarchy
2019-03-26 23:48:35,225 INFO [background-preinit] o.h.validator.internal.util.Version [Version.java : 30] HV000001: Hibernate Validator 5.3.6.Final
2019-03-26 23:48:37,119 INFO [restartedMain] o.s.b.c.e.t.TomcatEmbeddedServletContainer [TomcatEmbeddedServletContainer.java : 92] Tomcat initialized with port(s): 9999 (http)
2019-03-26 23:48:37,134 INFO [restartedMain] o.a.coyote.http11.Http11NioProtocol [DirectJDKLog.java : 180] Initializing ProtocolHandler ["http-nio-9999"]
2019-03-26 23:48:37,172 INFO [restartedMain] o.a.catalina.core.StandardService [DirectJDKLog.java : 180] Starting service [Tomcat]
2019-03-26 23:48:37,172 INFO [restartedMain] o.a.catalina.core.StandardEngine [DirectJDKLog.java : 180] Starting Servlet Engine: Apache Tomcat/8.5.35
2019-03-26 23:48:37,245 INFO [localhost-startStop-1] o.a.c.c.C.[.[.[/xxl-code-generator] [DirectJDKLog.java : 180] Initializing Spring embedded WebApplicationContext
2019-03-26 23:48:37,245 INFO [localhost-startStop-1] o.s.web.context.ContextLoader [EmbeddedWebApplicationContext.java : 287] Root WebApplicationContext: initialization completed in 2331 ms
2019-03-26 23:48:37,387 INFO [localhost-startStop-1] o.s.b.w.s.ServletRegistrationBean [ServletRegistrationBean.java : 191] Mapping servlet: 'dispatcherServlet' to [/]
2019-03-26 23:48:37,390 INFO [localhost-startStop-1] o.s.b.w.s.FilterRegistrationBean [AbstractFilterRegistrationBean.java : 259] Mapping filter: 'characterEncodingFilter' to: [/*]
2019-03-26 23:48:37,391 INFO [localhost-startStop-1] o.s.b.w.s.FilterRegistrationBean [AbstractFilterRegistrationBean.java : 259] Mapping filter: 'hiddenHttpMethodFilter' to: [/*]
2019-03-26 23:48:37,391 INFO [localhost-startStop-1] o.s.b.w.s.FilterRegistrationBean [AbstractFilterRegistrationBean.java : 259] Mapping filter: 'httpPutFormContentFilter' to: [/*]
2019-03-26 23:48:37,392 INFO [localhost-startStop-1] o.s.b.w.s.FilterRegistrationBean [AbstractFilterRegistrationBean.java : 259] Mapping filter: 'requestContextFilter' to: [/*]
2019-03-26 23:48:37,495 INFO [restartedMain] o.s.w.s.v.f.FreeMarkerConfigurer [FreeMarkerConfigurer.java : 127] ClassTemplateLoader for Spring macros added to FreeMarker configuration
2019-03-26 23:48:37,822 INFO [restartedMain] o.s.w.s.m.m.a.RequestMappingHandlerAdapter [RequestMappingHandlerAdapter.java : 556] Looking for @ControllerAdvice: org.springframework.boot.context.embedded.AnnotationConfigEmbeddedWebApplicationContext@6f683854: startup date [Tue Mar 26 23:48:34 CST 2019]; root of context hierarchy
2019-03-26 23:48:37,878 INFO [restartedMain] o.s.w.s.m.m.a.RequestMappingHandlerMapping [AbstractHandlerMethodMapping.java : 544] Mapped "{[/]}" onto public java.lang.String com.xxl.codegenerator.admin.controller.IndexController.index()
2019-03-26 23:48:37,880 INFO [restartedMain] o.s.w.s.m.m.a.RequestMappingHandlerMapping [AbstractHandlerMethodMapping.java : 544] Mapped "{[/getVerification]}" onto public com.xxl.codegenerator.admin.model.ReturnT<java.util.Map<java.lang.String, java.lang.String>> com.xxl.codegenerator.admin.controller.IndexController.getVerification(java.lang.String,java.lang.String,java.lang.String,java.lang.String)
2019-03-26 23:48:37,881 INFO [restartedMain] o.s.w.s.m.m.a.RequestMappingHandlerMapping [AbstractHandlerMethodMapping.java : 544] Mapped "{[/getParseTableSql]}" onto public com.xxl.codegenerator.admin.model.ReturnT<java.util.Map<java.lang.String, java.lang.String>> com.xxl.codegenerator.admin.controller.IndexController.getParseTableSql(java.lang.String,java.lang.String)
2019-03-26 23:48:37,881 INFO [restartedMain] o.s.w.s.m.m.a.RequestMappingHandlerMapping [AbstractHandlerMethodMapping.java : 544] Mapped "{[/codeGenerate]}" onto public com.xxl.codegenerator.admin.model.ReturnT<java.util.Map<java.lang.String, java.lang.String>> com.xxl.codegenerator.admin.controller.IndexController.codeGenerate(java.lang.String,java.lang.String)
2019-03-26 23:48:37,885 INFO [restartedMain] o.s.w.s.m.m.a.RequestMappingHandlerMapping [AbstractHandlerMethodMapping.java : 544] Mapped "{[/error]}" onto public org.springframework.http.ResponseEntity<java.util.Map<java.lang.String, java.lang.Object>> org.springframework.boot.autoconfigure.web.BasicErrorController.error(javax.servlet.http.HttpServletRequest)
2019-03-26 23:48:37,885 INFO [restartedMain] o.s.w.s.m.m.a.RequestMappingHandlerMapping [AbstractHandlerMethodMapping.java : 544] Mapped "{[/error],produces=[text/html]}" onto public org.springframework.web.servlet.ModelAndView org.springframework.boot.autoconfigure.web.BasicErrorController.errorHtml(javax.servlet.http.HttpServletRequest,javax.servlet.http.HttpServletResponse)
2019-03-26 23:48:37,919 INFO [restartedMain] o.s.w.s.h.SimpleUrlHandlerMapping [AbstractUrlHandlerMapping.java : 362] Mapped URL path [/webjars/**] onto handler of type [class org.springframework.web.servlet.resource.ResourceHttpRequestHandler]
2019-03-26 23:48:37,919 INFO [restartedMain] o.s.w.s.h.SimpleUrlHandlerMapping [AbstractUrlHandlerMapping.java : 362] Mapped URL path [/static/**] onto handler of type [class org.springframework.web.servlet.resource.ResourceHttpRequestHandler]
2019-03-26 23:48:37,979 INFO [restartedMain] o.s.w.s.h.SimpleUrlHandlerMapping [AbstractUrlHandlerMapping.java : 362] Mapped URL path [/**/favicon.ico] onto handler of type [class org.springframework.web.servlet.resource.ResourceHttpRequestHandler]
2019-03-26 23:48:38,262 INFO [restartedMain] o.s.b.d.a.OptionalLiveReloadServer [OptionalLiveReloadServer.java : 58] LiveReload server is running on port 35729
2019-03-26 23:48:38,310 INFO [restartedMain] o.s.j.e.a.AnnotationMBeanExporter [MBeanExporter.java : 431] Registering beans for JMX exposure on startup
2019-03-26 23:48:38,324 INFO [restartedMain] o.a.coyote.http11.Http11NioProtocol [DirectJDKLog.java : 180] Starting ProtocolHandler ["http-nio-9999"]
2019-03-26 23:48:38,360 INFO [restartedMain] o.a.tomcat.util.net.NioSelectorPool [DirectJDKLog.java : 180] Using a shared selector for servlet write/read
2019-03-26 23:48:38,369 INFO [restartedMain] o.s.b.c.e.t.TomcatEmbeddedServletContainer [TomcatEmbeddedServletContainer.java : 216] Tomcat started on port(s): 9999 (http)
2019-03-26 23:48:38,374 INFO [restartedMain] c.x.codegenerator.admin.Application [StartupInfoLogger.java : 57] Started Application in 3.856 seconds (JVM running for 5.393)
2019-03-26 23:51:55,444 INFO [Thread-17] o.s.b.c.e.AnnotationConfigEmbeddedWebApplicationContext [AbstractApplicationContext.java : 984] Closing org.springframework.boot.context.embedded.AnnotationConfigEmbeddedWebApplicationContext@6f683854: startup date [Tue Mar 26 23:48:34 CST 2019]; root of context hierarchy
2019-03-26 23:51:55,457 INFO [Thread-17] o.s.j.e.a.AnnotationMBeanExporter [MBeanExporter.java : 449] Unregistering JMX-exposed beans on shutdown
2019-03-26 23:52:00,130 INFO [restartedMain] c.x.codegenerator.admin.Application [StartupInfoLogger.java : 48] Starting Application on XingGangdeMacBook-Pro.local with PID 2325 (/Users/qiuxinggang/Documents/GitHub/xxl-code-generator/xxl-code-generator-admin/target/classes started by qiuxinggang in /Users/qiuxinggang/Documents/GitHub/xxl-code-generator)
2019-03-26 23:52:00,134 INFO [restartedMain] c.x.codegenerator.admin.Application [SpringApplication.java : 593] No active profile set, falling back to default profiles: default
2019-03-26 23:52:00,213 INFO [restartedMain] o.s.b.c.e.AnnotationConfigEmbeddedWebApplicationContext [AbstractApplicationContext.java : 583] Refreshing org.springframework.boot.context.embedded.AnnotationConfigEmbeddedWebApplicationContext@690404b6: startup date [Tue Mar 26 23:52:00 CST 2019]; root of context hierarchy
2019-03-26 23:52:00,690 INFO [background-preinit] o.h.validator.internal.util.Version [Version.java : 30] HV000001: Hibernate Validator 5.3.6.Final
2019-03-26 23:52:02,886 INFO [restartedMain] o.s.b.c.e.t.TomcatEmbeddedServletContainer [TomcatEmbeddedServletContainer.java : 92] Tomcat initialized with port(s): 9999 (http)
2019-03-26 23:52:02,916 INFO [restartedMain] o.a.coyote.http11.Http11NioProtocol [DirectJDKLog.java : 180] Initializing ProtocolHandler ["http-nio-9999"]
2019-03-26 23:52:02,981 INFO [restartedMain] o.a.catalina.core.StandardService [DirectJDKLog.java : 180] Starting service [Tomcat]
2019-03-26 23:52:02,981 INFO [restartedMain] o.a.catalina.core.StandardEngine [DirectJDKLog.java : 180] Starting Servlet Engine: Apache Tomcat/8.5.35
2019-03-26 23:52:03,084 INFO [localhost-startStop-1] o.a.c.c.C.[Tomcat].[localhost].[/] [DirectJDKLog.java : 180] Initializing Spring embedded WebApplicationContext
2019-03-26 23:52:03,084 INFO [localhost-startStop-1] o.s.web.context.ContextLoader [EmbeddedWebApplicationContext.java : 287] Root WebApplicationContext: initialization completed in 2872 ms
2019-03-26 23:52:03,252 INFO [localhost-startStop-1] o.s.b.w.s.ServletRegistrationBean [ServletRegistrationBean.java : 191] Mapping servlet: 'dispatcherServlet' to [/]
2019-03-26 23:52:03,257 INFO [localhost-startStop-1] o.s.b.w.s.FilterRegistrationBean [AbstractFilterRegistrationBean.java : 259] Mapping filter: 'characterEncodingFilter' to: [/*]
2019-03-26 23:52:03,258 INFO [localhost-startStop-1] o.s.b.w.s.FilterRegistrationBean [AbstractFilterRegistrationBean.java : 259] Mapping filter: 'hiddenHttpMethodFilter' to: [/*]
2019-03-26 23:52:03,259 INFO [localhost-startStop-1] o.s.b.w.s.FilterRegistrationBean [AbstractFilterRegistrationBean.java : 259] Mapping filter: 'httpPutFormContentFilter' to: [/*]
2019-03-26 23:52:03,259 INFO [localhost-startStop-1] o.s.b.w.s.FilterRegistrationBean [AbstractFilterRegistrationBean.java : 259] Mapping filter: 'requestContextFilter' to: [/*]
2019-03-26 23:52:03,357 INFO [restartedMain] o.s.w.s.v.f.FreeMarkerConfigurer [FreeMarkerConfigurer.java : 127] ClassTemplateLoader for Spring macros added to FreeMarker configuration
2019-03-26 23:52:03,667 INFO [restartedMain] o.s.w.s.m.m.a.RequestMappingHandlerAdapter [RequestMappingHandlerAdapter.java : 556] Looking for @ControllerAdvice: org.springframework.boot.context.embedded.AnnotationConfigEmbeddedWebApplicationContext@690404b6: startup date [Tue Mar 26 23:52:00 CST 2019]; root of context hierarchy
2019-03-26 23:52:03,723 INFO [restartedMain] o.s.w.s.m.m.a.RequestMappingHandlerMapping [AbstractHandlerMethodMapping.java : 544] Mapped "{[/]}" onto public java.lang.String com.xxl.codegenerator.admin.controller.IndexController.index()
2019-03-26 23:52:03,725 INFO [restartedMain] o.s.w.s.m.m.a.RequestMappingHandlerMapping [AbstractHandlerMethodMapping.java : 544] Mapped "{[/getVerification]}" onto public com.xxl.codegenerator.admin.model.ReturnT<java.util.Map<java.lang.String, java.lang.String>> com.xxl.codegenerator.admin.controller.IndexController.getVerification(java.lang.String,java.lang.String,java.lang.String,java.lang.String)
2019-03-26 23:52:03,725 INFO [restartedMain] o.s.w.s.m.m.a.RequestMappingHandlerMapping [AbstractHandlerMethodMapping.java : 544] Mapped "{[/getParseTableSql]}" onto public com.xxl.codegenerator.admin.model.ReturnT<java.util.Map<java.lang.String, java.lang.String>> com.xxl.codegenerator.admin.controller.IndexController.getParseTableSql(java.lang.String,java.lang.String)
2019-03-26 23:52:03,726 INFO [restartedMain] o.s.w.s.m.m.a.RequestMappingHandlerMapping [AbstractHandlerMethodMapping.java : 544] Mapped "{[/codeGenerate]}" onto public com.xxl.codegenerator.admin.model.ReturnT<java.util.Map<java.lang.String, java.lang.String>> com.xxl.codegenerator.admin.controller.IndexController.codeGenerate(java.lang.String,java.lang.String)
2019-03-26 23:52:03,732 INFO [restartedMain] o.s.w.s.m.m.a.RequestMappingHandlerMapping [AbstractHandlerMethodMapping.java : 544] Mapped "{[/error]}" onto public org.springframework.http.ResponseEntity<java.util.Map<java.lang.String, java.lang.Object>> org.springframework.boot.autoconfigure.web.BasicErrorController.error(javax.servlet.http.HttpServletRequest)
2019-03-26 23:52:03,733 INFO [restartedMain] o.s.w.s.m.m.a.RequestMappingHandlerMapping [AbstractHandlerMethodMapping.java : 544] Mapped "{[/error],produces=[text/html]}" onto public org.springframework.web.servlet.ModelAndView org.springframework.boot.autoconfigure.web.BasicErrorController.errorHtml(javax.servlet.http.HttpServletRequest,javax.servlet.http.HttpServletResponse)
2019-03-26 23:52:03,767 INFO [restartedMain] o.s.w.s.h.SimpleUrlHandlerMapping [AbstractUrlHandlerMapping.java : 362] Mapped URL path [/webjars/**] onto handler of type [class org.springframework.web.servlet.resource.ResourceHttpRequestHandler]
2019-03-26 23:52:03,767 INFO [restartedMain] o.s.w.s.h.SimpleUrlHandlerMapping [AbstractUrlHandlerMapping.java : 362] Mapped URL path [/static/**] onto handler of type [class org.springframework.web.servlet.resource.ResourceHttpRequestHandler]
2019-03-26 23:52:03,806 INFO [restartedMain] o.s.w.s.h.SimpleUrlHandlerMapping [AbstractUrlHandlerMapping.java : 362] Mapped URL path [/**/favicon.ico] onto handler of type [class org.springframework.web.servlet.resource.ResourceHttpRequestHandler]
2019-03-26 23:52:04,091 INFO [restartedMain] o.s.b.d.a.OptionalLiveReloadServer [OptionalLiveReloadServer.java : 58] LiveReload server is running on port 35729
2019-03-26 23:52:04,139 INFO [restartedMain] o.s.j.e.a.AnnotationMBeanExporter [MBeanExporter.java : 431] Registering beans for JMX exposure on startup
2019-03-26 23:52:04,153 INFO [restartedMain] o.a.coyote.http11.Http11NioProtocol [DirectJDKLog.java : 180] Starting ProtocolHandler ["http-nio-9999"]
2019-03-26 23:52:04,185 INFO [restartedMain] o.a.tomcat.util.net.NioSelectorPool [DirectJDKLog.java : 180] Using a shared selector for servlet write/read
2019-03-26 23:52:04,195 INFO [restartedMain] o.s.b.c.e.t.TomcatEmbeddedServletContainer [TomcatEmbeddedServletContainer.java : 216] Tomcat started on port(s): 9999 (http)
2019-03-26 23:52:04,200 INFO [restartedMain] c.x.codegenerator.admin.Application [StartupInfoLogger.java : 57] Started Application in 4.379 seconds (JVM running for 5.992)
2019-03-26 23:58:39,351 INFO [Thread-19] o.s.b.c.e.AnnotationConfigEmbeddedWebApplicationContext [AbstractApplicationContext.java : 984] Closing org.springframework.boot.context.embedded.AnnotationConfigEmbeddedWebApplicationContext@690404b6: startup date [Tue Mar 26 23:52:00 CST 2019]; root of context hierarchy
2019-03-26 23:58:39,354 INFO [Thread-19] o.s.j.e.a.AnnotationMBeanExporter [MBeanExporter.java : 449] Unregistering JMX-exposed beans on shutdown
